<?xml version="1.0" encoding="UTF-8"?>
<testng-results ignored="0" total="6" passed="6" failed="0" skipped="0">
  <reporter-output>
  </reporter-output>
  <suite started-at="2019-10-11T06:26:28Z" name="Suite" finished-at="2019-10-11T06:27:17Z" duration-ms="48692">
    <groups>
    </groups>
    <test started-at="2019-10-11T06:26:28Z" name="Test" finished-at="2019-10-11T06:27:17Z" duration-ms="48692">
      <class name="com.atmecs.konakart.testscripts.HeroImagePage">
        <test-method signature="setup()[pri:1, instance:com.atmecs.konakart.testscripts.HeroImagePage@5d47c63f]" started-at="2019-10-11T06:26:28Z" name="setup" finished-at="2019-10-11T06:26:48Z" duration-ms="19701" status="PASS">
          <reporter-output>
          </reporter-output>
        </test-method> <!-- setup -->
        <test-method signature="clickOnHeroImage()[pri:2, instance:com.atmecs.konakart.testscripts.HeroImagePage@5d47c63f]" started-at="2019-10-11T06:26:48Z" name="clickOnHeroImage" finished-at="2019-10-11T06:26:53Z" duration-ms="5640" status="PASS">
          <reporter-output>
          </reporter-output>
        </test-method> <!-- clickOnHeroImage -->
        <test-method signature="navigateTabs()[pri:3, instance:com.atmecs.konakart.testscripts.HeroImagePage@5d47c63f]" started-at="2019-10-11T06:26:53Z" name="navigateTabs" finished-at="2019-10-11T06:26:54Z" duration-ms="163" status="PASS">
          <reporter-output>
          </reporter-output>
        </test-method> <!-- navigateTabs -->
        <test-method signature="validateContentOfTabs()[pri:4, instance:com.atmecs.konakart.testscripts.HeroImagePage@5d47c63f]" started-at="2019-10-11T06:26:54Z" name="validateContentOfTabs" finished-at="2019-10-11T06:27:06Z" duration-ms="12208" status="PASS">
          <reporter-output>
          </reporter-output>
        </test-method> <!-- validateContentOfTabs -->
        <test-method signature="validateSortByNumber()[pri:5, instance:com.atmecs.konakart.testscripts.HeroImagePage@5d47c63f]" started-at="2019-10-11T06:27:06Z" name="validateSortByNumber" finished-at="2019-10-11T06:27:12Z" duration-ms="6065" status="PASS">
          <reporter-output>
          </reporter-output>
        </test-method> <!-- validateSortByNumber -->
        <test-method signature="validateSortByActions()[pri:6, instance:com.atmecs.konakart.testscripts.HeroImagePage@5d47c63f]" started-at="2019-10-11T06:27:12Z" name="validateSortByActions" finished-at="2019-10-11T06:27:17Z" duration-ms="4884" status="PASS">
          <reporter-output>
          </reporter-output>
        </test-method> <!-- validateSortByActions -->
      </class> <!-- com.atmecs.konakart.testscripts.HeroImagePage -->
    </test> <!-- Test -->
  </suite> <!-- Suite -->
</testng-results>
