#set( $symbol_pound = '#' )
#set( $symbol_dollar = '$' )
#set( $symbol_escape = '\' )
<?xml version="1.0" encoding="UTF-8"?>
<!-- Generated by org.testng.reporters.JUnitXMLReporter -->
<testsuite ignored="0" hostname="ATMECSINDT-080" failures="0" tests="6" name="Test" time="49.225" errors="0" timestamp="07 Oct 2019 09:23:34 GMT">
  <testcase classname="${package}.testbase.InvokeBrowser" name="setup" time="17.108"/>
  <testcase classname="${package}.testscripts.HeroImagePage" name="clickOnHeroImage" time="9.306"/>
  <testcase classname="${package}.testscripts.HeroImagePage" name="navigateTabs" time="0.152"/>
  <testcase classname="${package}.testscripts.HeroImagePage" name="validateContentOfTabs" time="12.274"/>
  <testcase classname="${package}.testscripts.HeroImagePage" name="validateSortByNumber" time="5.542"/>
  <testcase classname="${package}.testscripts.HeroImagePage" name="validateSortByActions" time="4.8"/>
</testsuite> <!-- Test -->
