<?xml version="1.0" encoding="UTF-8"?>
<testng-results ignored="0" total="4" passed="4" failed="0" skipped="0">
  <reporter-output>
  </reporter-output>
  <suite started-at="2019-10-09T15:19:33Z" name="Default suite" finished-at="2019-10-09T15:19:59Z" duration-ms="26319">
    <groups>
    </groups>
    <test started-at="2019-10-09T15:19:33Z" name="Default test" finished-at="2019-10-09T15:19:59Z" duration-ms="26319">
      <class name="com.atmecs.konakart.testscripts.PriceValidation">
        <test-method signature="setup()[pri:1, instance:com.atmecs.konakart.testscripts.PriceValidation@647e447]" started-at="2019-10-09T15:19:33Z" name="setup" finished-at="2019-10-09T15:19:50Z" duration-ms="17106" status="PASS">
          <reporter-output>
          </reporter-output>
        </test-method> <!-- setup -->
        <test-method signature="clickOnHeaders()[pri:2, instance:com.atmecs.konakart.testscripts.PriceValidation@647e447]" started-at="2019-10-09T15:19:50Z" name="clickOnHeaders" finished-at="2019-10-09T15:19:54Z" duration-ms="4655" status="PASS">
          <reporter-output>
          </reporter-output>
        </test-method> <!-- clickOnHeaders -->
        <test-method signature="slider()[pri:5, instance:com.atmecs.konakart.testscripts.PriceValidation@647e447]" started-at="2019-10-09T15:19:54Z" name="slider" finished-at="2019-10-09T15:19:56Z" duration-ms="1473" status="PASS">
          <reporter-output>
          </reporter-output>
        </test-method> <!-- slider -->
        <test-method signature="validateproduct()[pri:6, instance:com.atmecs.konakart.testscripts.PriceValidation@647e447]" started-at="2019-10-09T15:19:56Z" name="validateproduct" finished-at="2019-10-09T15:19:59Z" duration-ms="3044" status="PASS">
          <reporter-output>
          </reporter-output>
        </test-method> <!-- validateproduct -->
      </class> <!-- com.atmecs.konakart.testscripts.PriceValidation -->
    </test> <!-- Default test -->
  </suite> <!-- Default suite -->
</testng-results>
