#set( $symbol_pound = '#' )
#set( $symbol_dollar = '$' )
#set( $symbol_escape = '\' )
<?xml version="1.0" encoding="UTF-8"?>
<!-- Generated by org.testng.reporters.JUnitXMLReporter -->
<testsuite ignored="0" hostname="ATMECSINDT-080" failures="0" tests="4" name="Default test" time="26.319" errors="0" timestamp="09 Oct 2019 15:19:59 GMT">
  <testcase classname="${package}.testbase.InvokeBrowser" name="setup" time="17.106"/>
  <testcase classname="${package}.testscripts.PriceValidation" name="clickOnHeaders" time="4.655"/>
  <testcase classname="${package}.testscripts.PriceValidation" name="slider" time="1.473"/>
  <testcase classname="${package}.testscripts.PriceValidation" name="validateproduct" time="3.044"/>
</testsuite> <!-- Default test -->
