<?xml version="1.0" encoding="UTF-8"?>
<!-- Generated by org.testng.reporters.JUnitXMLReporter -->
<testsuite ignored="0" hostname="ATMECSINDT-080" failures="0" tests="6" name="Test" time="48.692" errors="0" timestamp="11 Oct 2019 06:27:17 GMT">
  <testcase classname="com.atmecs.konakart.testbase.InvokeBrowser" name="setup" time="19.701"/>
  <testcase classname="com.atmecs.konakart.testscripts.HeroImagePage" name="clickOnHeroImage" time="5.64"/>
  <testcase classname="com.atmecs.konakart.testscripts.HeroImagePage" name="navigateTabs" time="0.163"/>
  <testcase classname="com.atmecs.konakart.testscripts.HeroImagePage" name="validateContentOfTabs" time="12.208"/>
  <testcase classname="com.atmecs.konakart.testscripts.HeroImagePage" name="validateSortByNumber" time="6.065"/>
  <testcase classname="com.atmecs.konakart.testscripts.HeroImagePage" name="validateSortByActions" time="4.884"/>
</testsuite> <!-- Test -->
